[+] Containers:
 |- [+] Container: /Game/ThirdPerson/Maps/ThirdPersonMap
 |   |- [+] ActorDescs:
 |   |   |- Guid:1110E72A4C7138026FAD32BA554D3D0D NativeClass:/Script/Landscape.LandscapeStreamingProxy Name:LandscapeStreamingProxy_DGW6EGCXPHTZTIVOCUUM9YN1E_126_3_1_0 Label:LandscapeStreamingProxy_3_1_0 SpatiallyLoaded:true EditorBounds:IsValid=true, Min=(X=2833.000 Y=397.000 Z=-5.500), Max=(X=3526.000 Y=1090.000 Z=569.078) RuntimeBounds:IsValid=true, Min=(X=2833.000 Y=397.000 Z=-5.500), Max=(X=3526.000 Y=1090.000 Z=569.078) RuntimeGrid:None EditorOnly:false RuntimeOnly:false HLODRelevant:true ListedInSceneOutliner:true IsMainWorldOnly:false
 |   |   |- Guid:2CEE65CD46F9716777115A8DB2A2AD24 NativeClass:/Script/Landscape.LandscapeStreamingProxy Name:LandscapeStreamingProxy_DGW6EGCXPHTZTIVOCUUM9YN1E_126_3_0_0 Label:LandscapeStreamingProxy_3_0_0 SpatiallyLoaded:true EditorBounds:IsValid=true, Min=(X=2833.000 Y=-296.000 Z=-5.500), Max=(X=3526.000 Y=397.000 Z=568.520) RuntimeBounds:IsValid=true, Min=(X=2833.000 Y=-296.000 Z=-5.500), Max=(X=3526.000 Y=397.000 Z=568.520) RuntimeGrid:None EditorOnly:false RuntimeOnly:false HLODRelevant:true ListedInSceneOutliner:true IsMainWorldOnly:false
 |   |   |- Guid:2FB58999456391D349DC0F86DAC136ED NativeClass:/Script/Engine.SkyLight Name:SkyLight_1 Label:SkyLight SpatiallyLoaded:false EditorBounds:IsValid=true, Min=(X=0.000 Y=0.000 Z=690.000), Max=(X=0.000 Y=0.000 Z=690.000) RuntimeBounds:IsValid=true, Min=(X=0.000 Y=0.000 Z=690.000), Max=(X=0.000 Y=0.000 Z=690.000) RuntimeGrid:None EditorOnly:false RuntimeOnly:false HLODRelevant:false ListedInSceneOutliner:true IsMainWorldOnly:false FolderPath:Lighting FolderGuid:963EC3EB4002CCE9759E2EBA541A873A
 |   |   |- Guid:316CF2A6494ACA4C0E4180A87D36AB8F NativeClass:/Script/Engine.ExponentialHeightFog Name:ExponentialHeightFog_0 Label:ExponentialHeightFog SpatiallyLoaded:false EditorBounds:IsValid=true, Min=(X=-5600.000 Y=-50.000 Z=-6850.000), Max=(X=-5600.000 Y=-50.000 Z=-6850.000) RuntimeBounds:IsValid=true, Min=(X=-5600.000 Y=-50.000 Z=-6850.000), Max=(X=-5600.000 Y=-50.000 Z=-6850.000) RuntimeGrid:None EditorOnly:false RuntimeOnly:false HLODRelevant:false ListedInSceneOutliner:true IsMainWorldOnly:false FolderPath:Lighting FolderGuid:963EC3EB4002CCE9759E2EBA541A873A
 |   |   |- Guid:3A00AA1C422CE54C0BDB60BAF471BFBB NativeClass:/Script/Engine.PlayerStart Name:PlayerStart_0 Label:PlayerStart SpatiallyLoaded:false EditorBounds:IsValid=true, Min=(X=732.000 Y=-298.000 Z=604.013), Max=(X=1100.000 Y=-42.000 Z=860.013) RuntimeBounds:IsValid=true, Min=(X=820.000 Y=-210.000 Z=640.013), Max=(X=900.000 Y=-130.000 Z=824.013) RuntimeGrid:None EditorOnly:false RuntimeOnly:false HLODRelevant:false ListedInSceneOutliner:true IsMainWorldOnly:false
 |   |   |- Guid:4750362946A7333C7C753A9C9590A9A0 NativeClass:/Script/Landscape.LandscapeStreamingProxy Name:LandscapeStreamingProxy_DGW6EGCXPHTZTIVOCUUM9YN1E_126_1_0_0 Label:LandscapeStreamingProxy_1_0_0 SpatiallyLoaded:true EditorBounds:IsValid=true, Min=(X=1447.000 Y=-296.000 Z=0.000), Max=(X=2140.000 Y=397.000 Z=708.941) RuntimeBounds:IsValid=true, Min=(X=1447.000 Y=-296.000 Z=0.000), Max=(X=2140.000 Y=397.000 Z=708.941) RuntimeGrid:None EditorOnly:false RuntimeOnly:false HLODRelevant:true ListedInSceneOutliner:true IsMainWorldOnly:false
 |   |   |- Guid:4BB806AF4E52DE64AA2DE5A25BA3188B NativeClass:/Script/Landscape.LandscapeStreamingProxy Name:LandscapeStreamingProxy_DGW6EGCXPHTZTIVOCUUM9YN1E_126_3_3_0 Label:LandscapeStreamingProxy_3_3_0 SpatiallyLoaded:true EditorBounds:IsValid=true, Min=(X=2833.000 Y=1783.000 Z=-5.500), Max=(X=3526.000 Y=2476.000 Z=530.750) RuntimeBounds:IsValid=true, Min=(X=2833.000 Y=1783.000 Z=-5.500), Max=(X=3526.000 Y=2476.000 Z=530.750) RuntimeGrid:None EditorOnly:false RuntimeOnly:false HLODRelevant:true ListedInSceneOutliner:true IsMainWorldOnly:false
 |   |   |- Guid:4D3BE93F4146AAAC8BBE79999D96D57F NativeClass:/Script/Engine.VolumetricCloud Name:VolumetricCloud_0 Label:VolumetricCloud SpatiallyLoaded:false EditorBounds:IsValid=true, Min=(X=0.000 Y=0.000 Z=820.000), Max=(X=0.000 Y=0.000 Z=820.000) RuntimeBounds:IsValid=true, Min=(X=0.000 Y=0.000 Z=820.000), Max=(X=0.000 Y=0.000 Z=820.000) RuntimeGrid:None EditorOnly:false RuntimeOnly:false HLODRelevant:false ListedInSceneOutliner:true IsMainWorldOnly:false FolderPath:Lighting FolderGuid:963EC3EB4002CCE9759E2EBA541A873A
 |   |   |- Guid:5135C3444F7599F8116D61AB9A1751AB NativeClass:/Script/Landscape.LandscapeStreamingProxy Name:LandscapeStreamingProxy_DGW6EGCXPHTZTIVOCUUM9YN1E_126_2_3_0 Label:LandscapeStreamingProxy_2_3_0 SpatiallyLoaded:true EditorBounds:IsValid=true, Min=(X=2140.000 Y=1783.000 Z=0.000), Max=(X=2833.000 Y=2476.000 Z=453.406) RuntimeBounds:IsValid=true, Min=(X=2140.000 Y=1783.000 Z=0.000), Max=(X=2833.000 Y=2476.000 Z=453.406) RuntimeGrid:None EditorOnly:false RuntimeOnly:false HLODRelevant:true ListedInSceneOutliner:true IsMainWorldOnly:false
 |   |   |- Guid:5223022A44DB231FA48EC69B2BB916E5 NativeClass:/Script/Landscape.LandscapeStreamingProxy Name:LandscapeStreamingProxy_DGW6EGCXPHTZTIVOCUUM9YN1E_126_2_2_0 Label:LandscapeStreamingProxy_2_2_0 SpatiallyLoaded:true EditorBounds:IsValid=true, Min=(X=2140.000 Y=1090.000 Z=0.000), Max=(X=2833.000 Y=1783.000 Z=569.766) RuntimeBounds:IsValid=true, Min=(X=2140.000 Y=1090.000 Z=0.000), Max=(X=2833.000 Y=1783.000 Z=569.766) RuntimeGrid:None EditorOnly:false RuntimeOnly:false HLODRelevant:true ListedInSceneOutliner:true IsMainWorldOnly:false
 |   |   |- Guid:52E8EC8D46A363609C2F50865A4B8F84 NativeClass:/Script/Landscape.LandscapeStreamingProxy Name:LandscapeStreamingProxy_DGW6EGCXPHTZTIVOCUUM9YN1E_126_1_1_0 Label:LandscapeStreamingProxy_1_1_0 SpatiallyLoaded:true EditorBounds:IsValid=true, Min=(X=1447.000 Y=397.000 Z=-5.500), Max=(X=2140.000 Y=1090.000 Z=726.988) RuntimeBounds:IsValid=true, Min=(X=1447.000 Y=397.000 Z=-5.500), Max=(X=2140.000 Y=1090.000 Z=726.988) RuntimeGrid:None EditorOnly:false RuntimeOnly:false HLODRelevant:true ListedInSceneOutliner:true IsMainWorldOnly:false
 |   |   |- Guid:5DE9FCF544C060B2B8BB8084B46130C4 NativeClass:/Script/Landscape.LandscapeStreamingProxy Name:LandscapeStreamingProxy_DGW6EGCXPHTZTIVOCUUM9YN1E_126_0_0_0 Label:LandscapeStreamingProxy_0_0_0 SpatiallyLoaded:true EditorBounds:IsValid=true, Min=(X=754.000 Y=-296.000 Z=0.000), Max=(X=1447.000 Y=397.000 Z=1365.031) RuntimeBounds:IsValid=true, Min=(X=754.000 Y=-296.000 Z=556.188), Max=(X=1447.000 Y=397.000 Z=1365.031) RuntimeGrid:None EditorOnly:false RuntimeOnly:false HLODRelevant:true ListedInSceneOutliner:true IsMainWorldOnly:false
 |   |   |- Guid:6BAF4DDD444C60371492D3919DB42C97 NativeClass:/Script/Engine.WorldDataLayers Name:WorldDataLayers Label:WorldDataLayers SpatiallyLoaded:false EditorBounds:IsValid=true, Min=(X=0.000 Y=0.000 Z=0.000), Max=(X=0.000 Y=0.000 Z=0.000) RuntimeBounds:IsValid=true, Min=(X=0.000 Y=0.000 Z=0.000), Max=(X=0.000 Y=0.000 Z=0.000) RuntimeGrid:None EditorOnly:false RuntimeOnly:false HLODRelevant:false ListedInSceneOutliner:true IsMainWorldOnly:true
 |   |   |- Guid:8891C8FA438DBB70BFC54CADFDF2F6F7 NativeClass:/Script/Landscape.LandscapeStreamingProxy Name:LandscapeStreamingProxy_DGW6EGCXPHTZTIVOCUUM9YN1E_126_3_2_0 Label:LandscapeStreamingProxy_3_2_0 SpatiallyLoaded:true EditorBounds:IsValid=true, Min=(X=2833.000 Y=1090.000 Z=0.000), Max=(X=3526.000 Y=1783.000 Z=569.980) RuntimeBounds:IsValid=true, Min=(X=2833.000 Y=1090.000 Z=0.000), Max=(X=3526.000 Y=1783.000 Z=569.980) RuntimeGrid:None EditorOnly:false RuntimeOnly:false HLODRelevant:true ListedInSceneOutliner:true IsMainWorldOnly:false
 |   |   |- Guid:91A3123147F30E7C6F6C43B86D1870F5 NativeClass:/Script/Landscape.LandscapeStreamingProxy Name:LandscapeStreamingProxy_DGW6EGCXPHTZTIVOCUUM9YN1E_126_0_2_0 Label:LandscapeStreamingProxy_0_2_0 SpatiallyLoaded:true EditorBounds:IsValid=true, Min=(X=754.000 Y=1090.000 Z=0.000), Max=(X=1447.000 Y=1783.000 Z=854.734) RuntimeBounds:IsValid=true, Min=(X=754.000 Y=1090.000 Z=0.000), Max=(X=1447.000 Y=1783.000 Z=854.734) RuntimeGrid:None EditorOnly:false RuntimeOnly:false HLODRelevant:true ListedInSceneOutliner:true IsMainWorldOnly:false
 |   |   |- Guid:9D48F6FD465D2A9DAD6B0E81EDFAEF99 NativeClass:/Script/Engine.StaticMeshActor Name:StaticMeshActor_UAID_088FC366836EFE8402_2031365591 Label:olddry_bamboo_bridge SpatiallyLoaded:true EditorBounds:IsValid=true, Min=(X=1389.118 Y=-158.366 Z=550.004), Max=(X=2397.650 Y=-41.811 Z=654.764) RuntimeBounds:IsValid=true, Min=(X=1389.118 Y=-158.366 Z=550.004), Max=(X=2397.650 Y=-41.811 Z=654.764) RuntimeGrid:None EditorOnly:false RuntimeOnly:false HLODRelevant:true ListedInSceneOutliner:true IsMainWorldOnly:false
 |   |   |- Guid:A96E62B4447E399ED33055A46764295B NativeClass:/Script/Landscape.LandscapeStreamingProxy Name:LandscapeStreamingProxy_DGW6EGCXPHTZTIVOCUUM9YN1E_126_0_1_0 Label:LandscapeStreamingProxy_0_1_0 SpatiallyLoaded:true EditorBounds:IsValid=true, Min=(X=754.000 Y=397.000 Z=0.000), Max=(X=1447.000 Y=1090.000 Z=1407.957) RuntimeBounds:IsValid=true, Min=(X=754.000 Y=397.000 Z=88.258), Max=(X=1447.000 Y=1090.000 Z=1407.957) RuntimeGrid:None EditorOnly:false RuntimeOnly:false HLODRelevant:true ListedInSceneOutliner:true IsMainWorldOnly:false
 |   |   |- Guid:B544CECC47821142F2EB39BBA81205A8 NativeClass:/Script/Landscape.Landscape Name:Landscape_UAID_088FC366836EFD8402_2135234415 Label:Landscape SpatiallyLoaded:false EditorBounds:IsValid=true, Min=(X=754.000 Y=-296.000 Z=0.000), Max=(X=754.000 Y=-296.000 Z=0.000) RuntimeBounds:IsValid=true, Min=(X=754.000 Y=-296.000 Z=0.000), Max=(X=754.000 Y=-296.000 Z=0.000) RuntimeGrid:None EditorOnly:false RuntimeOnly:false HLODRelevant:false ListedInSceneOutliner:true IsMainWorldOnly:false
 |   |   |- Guid:B785ED2844B84CFB91E7F39FE661CD99 NativeClass:/Script/Engine.DirectionalLight Name:DirectionalLight_0 Label:DirectionalLight SpatiallyLoaded:false EditorBounds:IsValid=true, Min=(X=-1048576.000 Y=-1048576.000 Z=-1048576.000), Max=(X=1048576.000 Y=1048576.000 Z=1048576.000) RuntimeBounds:IsValid=true, Min=(X=-1048576.000 Y=-1048576.000 Z=-1048576.000), Max=(X=1048576.000 Y=1048576.000 Z=1048576.000) RuntimeGrid:None EditorOnly:false RuntimeOnly:false HLODRelevant:false ListedInSceneOutliner:true IsMainWorldOnly:false FolderPath:Lighting FolderGuid:963EC3EB4002CCE9759E2EBA541A873A
 |   |   |- Guid:B89AE7E24299164A5D48D3ABFD1D41BA NativeClass:/Script/Landscape.LandscapeStreamingProxy Name:LandscapeStreamingProxy_DGW6EGCXPHTZTIVOCUUM9YN1E_126_1_3_0 Label:LandscapeStreamingProxy_1_3_0 SpatiallyLoaded:true EditorBounds:IsValid=true, Min=(X=1447.000 Y=1783.000 Z=-5.500), Max=(X=2140.000 Y=2476.000 Z=5.500) RuntimeBounds:IsValid=true, Min=(X=1447.000 Y=1783.000 Z=-5.500), Max=(X=2140.000 Y=2476.000 Z=5.500) RuntimeGrid:None EditorOnly:false RuntimeOnly:false HLODRelevant:true ListedInSceneOutliner:true IsMainWorldOnly:false
 |   |   |- Guid:CCFF262C46EEFFDF319E7F9539CE697E NativeClass:/Script/Engine.SkyAtmosphere Name:SkyAtmosphere_0 Label:SkyAtmosphere SpatiallyLoaded:false EditorBounds:IsValid=true, Min=(X=0.000 Y=0.000 Z=1020.000), Max=(X=0.000 Y=0.000 Z=1020.000) RuntimeBounds:IsValid=true, Min=(X=0.000 Y=0.000 Z=1020.000), Max=(X=0.000 Y=0.000 Z=1020.000) RuntimeGrid:None EditorOnly:false RuntimeOnly:false HLODRelevant:false ListedInSceneOutliner:true IsMainWorldOnly:false FolderPath:Lighting FolderGuid:963EC3EB4002CCE9759E2EBA541A873A
 |   |   |- Guid:E31F21214074A4261BB342A1202C05D0 NativeClass:/Script/Landscape.LandscapeStreamingProxy Name:LandscapeStreamingProxy_DGW6EGCXPHTZTIVOCUUM9YN1E_126_2_1_0 Label:LandscapeStreamingProxy_2_1_0 SpatiallyLoaded:true EditorBounds:IsValid=true, Min=(X=2140.000 Y=397.000 Z=0.000), Max=(X=2833.000 Y=1090.000 Z=570.238) RuntimeBounds:IsValid=true, Min=(X=2140.000 Y=397.000 Z=0.000), Max=(X=2833.000 Y=1090.000 Z=570.238) RuntimeGrid:None EditorOnly:false RuntimeOnly:false HLODRelevant:true ListedInSceneOutliner:true IsMainWorldOnly:false
 |   |   |- Guid:E641660A4AA691BAE2F6D1A4E2A9C233 NativeClass:/Script/Landscape.LandscapeStreamingProxy Name:LandscapeStreamingProxy_DGW6EGCXPHTZTIVOCUUM9YN1E_126_1_2_0 Label:LandscapeStreamingProxy_1_2_0 SpatiallyLoaded:true EditorBounds:IsValid=true, Min=(X=1447.000 Y=1090.000 Z=-5.500), Max=(X=2140.000 Y=1783.000 Z=88.258) RuntimeBounds:IsValid=true, Min=(X=1447.000 Y=1090.000 Z=-5.500), Max=(X=2140.000 Y=1783.000 Z=88.258) RuntimeGrid:None EditorOnly:false RuntimeOnly:false HLODRelevant:true ListedInSceneOutliner:true IsMainWorldOnly:false
 |   |   |- Guid:E72955A743DC3ADA166B40B579B79349 NativeClass:/Script/Landscape.LandscapeStreamingProxy Name:LandscapeStreamingProxy_DGW6EGCXPHTZTIVOCUUM9YN1E_126_2_0_0 Label:LandscapeStreamingProxy_2_0_0 SpatiallyLoaded:true EditorBounds:IsValid=true, Min=(X=2140.000 Y=-296.000 Z=0.000), Max=(X=2833.000 Y=397.000 Z=570.539) RuntimeBounds:IsValid=true, Min=(X=2140.000 Y=-296.000 Z=0.000), Max=(X=2833.000 Y=397.000 Z=570.539) RuntimeGrid:None EditorOnly:false RuntimeOnly:false HLODRelevant:true ListedInSceneOutliner:true IsMainWorldOnly:false
 |   |   |- Guid:EC4E0C944CE6AC6E784BC6BB2916EA13 NativeClass:/Script/Engine.StaticMeshActor Name:StaticMeshActor_UAID_A4AE111137DC5EFB00_1110535423 Label:SM_SkySphere SpatiallyLoaded:false EditorBounds:IsValid=true, Min=(X=-1638400.000 Y=-1638400.000 Z=-1638400.000), Max=(X=1638400.000 Y=1638400.000 Z=1638400.000) RuntimeBounds:IsValid=true, Min=(X=-1638400.000 Y=-1638400.000 Z=-1638400.000), Max=(X=1638400.000 Y=1638400.000 Z=1638400.000) RuntimeGrid:None EditorOnly:false RuntimeOnly:false HLODRelevant:true ListedInSceneOutliner:true IsMainWorldOnly:false FolderPath:Lighting FolderGuid:963EC3EB4002CCE9759E2EBA541A873A
 |   |   |- Guid:F5E3FEB3450C49844FD93DA8E083C8AD NativeClass:/Script/Engine.PostProcessVolume Name:PostProcessVolume_0 Label:PostProcessVolume SpatiallyLoaded:false EditorBounds:IsValid=true, Min=(X=0.000 Y=0.000 Z=400.000), Max=(X=200.000 Y=200.000 Z=600.000) RuntimeBounds:IsValid=true, Min=(X=0.000 Y=0.000 Z=400.000), Max=(X=200.000 Y=200.000 Z=600.000) RuntimeGrid:None EditorOnly:false RuntimeOnly:false HLODRelevant:false ListedInSceneOutliner:true IsMainWorldOnly:false FolderPath:Lighting FolderGuid:963EC3EB4002CCE9759E2EBA541A873A
 |   |   |- Guid:F8EC3A574A8D54D04D0BF5AD32AD4F9A NativeClass:/Script/Landscape.LandscapeStreamingProxy Name:LandscapeStreamingProxy_DGW6EGCXPHTZTIVOCUUM9YN1E_126_0_3_0 Label:LandscapeStreamingProxy_0_3_0 SpatiallyLoaded:true EditorBounds:IsValid=true, Min=(X=754.000 Y=1783.000 Z=-5.500), Max=(X=1447.000 Y=2476.000 Z=5.500) RuntimeBounds:IsValid=true, Min=(X=754.000 Y=1783.000 Z=-5.500), Max=(X=1447.000 Y=2476.000 Z=5.500) RuntimeGrid:None EditorOnly:false RuntimeOnly:false HLODRelevant:true ListedInSceneOutliner:true IsMainWorldOnly:false
 |   |- [+] Clusters:
 |   |   |- [+] [  0]
 |   |   |   |- Guid:1110E72A4C7138026FAD32BA554D3D0D NativeClass:/Script/Landscape.LandscapeStreamingProxy Name:LandscapeStreamingProxy_DGW6EGCXPHTZTIVOCUUM9YN1E_126_3_1_0 Label:LandscapeStreamingProxy_3_1_0 SpatiallyLoaded:true EditorBounds:IsValid=true, Min=(X=2833.000 Y=397.000 Z=-5.500), Max=(X=3526.000 Y=1090.000 Z=569.078) RuntimeBounds:IsValid=true, Min=(X=2833.000 Y=397.000 Z=-5.500), Max=(X=3526.000 Y=1090.000 Z=569.078) RuntimeGrid:None EditorOnly:false RuntimeOnly:false HLODRelevant:true ListedInSceneOutliner:true IsMainWorldOnly:false
 |   |   |- [+] [  1]
 |   |   |   |- Guid:2CEE65CD46F9716777115A8DB2A2AD24 NativeClass:/Script/Landscape.LandscapeStreamingProxy Name:LandscapeStreamingProxy_DGW6EGCXPHTZTIVOCUUM9YN1E_126_3_0_0 Label:LandscapeStreamingProxy_3_0_0 SpatiallyLoaded:true EditorBounds:IsValid=true, Min=(X=2833.000 Y=-296.000 Z=-5.500), Max=(X=3526.000 Y=397.000 Z=568.520) RuntimeBounds:IsValid=true, Min=(X=2833.000 Y=-296.000 Z=-5.500), Max=(X=3526.000 Y=397.000 Z=568.520) RuntimeGrid:None EditorOnly:false RuntimeOnly:false HLODRelevant:true ListedInSceneOutliner:true IsMainWorldOnly:false
 |   |   |- [+] [  2]
 |   |   |   |- Guid:2FB58999456391D349DC0F86DAC136ED NativeClass:/Script/Engine.SkyLight Name:SkyLight_1 Label:SkyLight SpatiallyLoaded:false EditorBounds:IsValid=true, Min=(X=0.000 Y=0.000 Z=690.000), Max=(X=0.000 Y=0.000 Z=690.000) RuntimeBounds:IsValid=true, Min=(X=0.000 Y=0.000 Z=690.000), Max=(X=0.000 Y=0.000 Z=690.000) RuntimeGrid:None EditorOnly:false RuntimeOnly:false HLODRelevant:false ListedInSceneOutliner:true IsMainWorldOnly:false FolderPath:Lighting FolderGuid:963EC3EB4002CCE9759E2EBA541A873A
 |   |   |- [+] [  3]
 |   |   |   |- Guid:316CF2A6494ACA4C0E4180A87D36AB8F NativeClass:/Script/Engine.ExponentialHeightFog Name:ExponentialHeightFog_0 Label:ExponentialHeightFog SpatiallyLoaded:false EditorBounds:IsValid=true, Min=(X=-5600.000 Y=-50.000 Z=-6850.000), Max=(X=-5600.000 Y=-50.000 Z=-6850.000) RuntimeBounds:IsValid=true, Min=(X=-5600.000 Y=-50.000 Z=-6850.000), Max=(X=-5600.000 Y=-50.000 Z=-6850.000) RuntimeGrid:None EditorOnly:false RuntimeOnly:false HLODRelevant:false ListedInSceneOutliner:true IsMainWorldOnly:false FolderPath:Lighting FolderGuid:963EC3EB4002CCE9759E2EBA541A873A
 |   |   |- [+] [  4]
 |   |   |   |- Guid:3A00AA1C422CE54C0BDB60BAF471BFBB NativeClass:/Script/Engine.PlayerStart Name:PlayerStart_0 Label:PlayerStart SpatiallyLoaded:false EditorBounds:IsValid=true, Min=(X=732.000 Y=-298.000 Z=604.013), Max=(X=1100.000 Y=-42.000 Z=860.013) RuntimeBounds:IsValid=true, Min=(X=820.000 Y=-210.000 Z=640.013), Max=(X=900.000 Y=-130.000 Z=824.013) RuntimeGrid:None EditorOnly:false RuntimeOnly:false HLODRelevant:false ListedInSceneOutliner:true IsMainWorldOnly:false
 |   |   |- [+] [  5]
 |   |   |   |- Guid:4750362946A7333C7C753A9C9590A9A0 NativeClass:/Script/Landscape.LandscapeStreamingProxy Name:LandscapeStreamingProxy_DGW6EGCXPHTZTIVOCUUM9YN1E_126_1_0_0 Label:LandscapeStreamingProxy_1_0_0 SpatiallyLoaded:true EditorBounds:IsValid=true, Min=(X=1447.000 Y=-296.000 Z=0.000), Max=(X=2140.000 Y=397.000 Z=708.941) RuntimeBounds:IsValid=true, Min=(X=1447.000 Y=-296.000 Z=0.000), Max=(X=2140.000 Y=397.000 Z=708.941) RuntimeGrid:None EditorOnly:false RuntimeOnly:false HLODRelevant:true ListedInSceneOutliner:true IsMainWorldOnly:false
 |   |   |- [+] [  6]
 |   |   |   |- Guid:4BB806AF4E52DE64AA2DE5A25BA3188B NativeClass:/Script/Landscape.LandscapeStreamingProxy Name:LandscapeStreamingProxy_DGW6EGCXPHTZTIVOCUUM9YN1E_126_3_3_0 Label:LandscapeStreamingProxy_3_3_0 SpatiallyLoaded:true EditorBounds:IsValid=true, Min=(X=2833.000 Y=1783.000 Z=-5.500), Max=(X=3526.000 Y=2476.000 Z=530.750) RuntimeBounds:IsValid=true, Min=(X=2833.000 Y=1783.000 Z=-5.500), Max=(X=3526.000 Y=2476.000 Z=530.750) RuntimeGrid:None EditorOnly:false RuntimeOnly:false HLODRelevant:true ListedInSceneOutliner:true IsMainWorldOnly:false
 |   |   |- [+] [  7]
 |   |   |   |- Guid:4D3BE93F4146AAAC8BBE79999D96D57F NativeClass:/Script/Engine.VolumetricCloud Name:VolumetricCloud_0 Label:VolumetricCloud SpatiallyLoaded:false EditorBounds:IsValid=true, Min=(X=0.000 Y=0.000 Z=820.000), Max=(X=0.000 Y=0.000 Z=820.000) RuntimeBounds:IsValid=true, Min=(X=0.000 Y=0.000 Z=820.000), Max=(X=0.000 Y=0.000 Z=820.000) RuntimeGrid:None EditorOnly:false RuntimeOnly:false HLODRelevant:false ListedInSceneOutliner:true IsMainWorldOnly:false FolderPath:Lighting FolderGuid:963EC3EB4002CCE9759E2EBA541A873A
 |   |   |- [+] [  8]
 |   |   |   |- Guid:5135C3444F7599F8116D61AB9A1751AB NativeClass:/Script/Landscape.LandscapeStreamingProxy Name:LandscapeStreamingProxy_DGW6EGCXPHTZTIVOCUUM9YN1E_126_2_3_0 Label:LandscapeStreamingProxy_2_3_0 SpatiallyLoaded:true EditorBounds:IsValid=true, Min=(X=2140.000 Y=1783.000 Z=0.000), Max=(X=2833.000 Y=2476.000 Z=453.406) RuntimeBounds:IsValid=true, Min=(X=2140.000 Y=1783.000 Z=0.000), Max=(X=2833.000 Y=2476.000 Z=453.406) RuntimeGrid:None EditorOnly:false RuntimeOnly:false HLODRelevant:true ListedInSceneOutliner:true IsMainWorldOnly:false
 |   |   |- [+] [  9]
 |   |   |   |- Guid:5223022A44DB231FA48EC69B2BB916E5 NativeClass:/Script/Landscape.LandscapeStreamingProxy Name:LandscapeStreamingProxy_DGW6EGCXPHTZTIVOCUUM9YN1E_126_2_2_0 Label:LandscapeStreamingProxy_2_2_0 SpatiallyLoaded:true EditorBounds:IsValid=true, Min=(X=2140.000 Y=1090.000 Z=0.000), Max=(X=2833.000 Y=1783.000 Z=569.766) RuntimeBounds:IsValid=true, Min=(X=2140.000 Y=1090.000 Z=0.000), Max=(X=2833.000 Y=1783.000 Z=569.766) RuntimeGrid:None EditorOnly:false RuntimeOnly:false HLODRelevant:true ListedInSceneOutliner:true IsMainWorldOnly:false
 |   |   |- [+] [ 10]
 |   |   |   |- Guid:52E8EC8D46A363609C2F50865A4B8F84 NativeClass:/Script/Landscape.LandscapeStreamingProxy Name:LandscapeStreamingProxy_DGW6EGCXPHTZTIVOCUUM9YN1E_126_1_1_0 Label:LandscapeStreamingProxy_1_1_0 SpatiallyLoaded:true EditorBounds:IsValid=true, Min=(X=1447.000 Y=397.000 Z=-5.500), Max=(X=2140.000 Y=1090.000 Z=726.988) RuntimeBounds:IsValid=true, Min=(X=1447.000 Y=397.000 Z=-5.500), Max=(X=2140.000 Y=1090.000 Z=726.988) RuntimeGrid:None EditorOnly:false RuntimeOnly:false HLODRelevant:true ListedInSceneOutliner:true IsMainWorldOnly:false
 |   |   |- [+] [ 11]
 |   |   |   |- Guid:5DE9FCF544C060B2B8BB8084B46130C4 NativeClass:/Script/Landscape.LandscapeStreamingProxy Name:LandscapeStreamingProxy_DGW6EGCXPHTZTIVOCUUM9YN1E_126_0_0_0 Label:LandscapeStreamingProxy_0_0_0 SpatiallyLoaded:true EditorBounds:IsValid=true, Min=(X=754.000 Y=-296.000 Z=0.000), Max=(X=1447.000 Y=397.000 Z=1365.031) RuntimeBounds:IsValid=true, Min=(X=754.000 Y=-296.000 Z=556.188), Max=(X=1447.000 Y=397.000 Z=1365.031) RuntimeGrid:None EditorOnly:false RuntimeOnly:false HLODRelevant:true ListedInSceneOutliner:true IsMainWorldOnly:false
 |   |   |- [+] [ 12]
 |   |   |   |- Guid:6BAF4DDD444C60371492D3919DB42C97 NativeClass:/Script/Engine.WorldDataLayers Name:WorldDataLayers Label:WorldDataLayers SpatiallyLoaded:false EditorBounds:IsValid=true, Min=(X=0.000 Y=0.000 Z=0.000), Max=(X=0.000 Y=0.000 Z=0.000) RuntimeBounds:IsValid=true, Min=(X=0.000 Y=0.000 Z=0.000), Max=(X=0.000 Y=0.000 Z=0.000) RuntimeGrid:None EditorOnly:false RuntimeOnly:false HLODRelevant:false ListedInSceneOutliner:true IsMainWorldOnly:true
 |   |   |- [+] [ 13]
 |   |   |   |- Guid:8891C8FA438DBB70BFC54CADFDF2F6F7 NativeClass:/Script/Landscape.LandscapeStreamingProxy Name:LandscapeStreamingProxy_DGW6EGCXPHTZTIVOCUUM9YN1E_126_3_2_0 Label:LandscapeStreamingProxy_3_2_0 SpatiallyLoaded:true EditorBounds:IsValid=true, Min=(X=2833.000 Y=1090.000 Z=0.000), Max=(X=3526.000 Y=1783.000 Z=569.980) RuntimeBounds:IsValid=true, Min=(X=2833.000 Y=1090.000 Z=0.000), Max=(X=3526.000 Y=1783.000 Z=569.980) RuntimeGrid:None EditorOnly:false RuntimeOnly:false HLODRelevant:true ListedInSceneOutliner:true IsMainWorldOnly:false
 |   |   |- [+] [ 14]
 |   |   |   |- Guid:91A3123147F30E7C6F6C43B86D1870F5 NativeClass:/Script/Landscape.LandscapeStreamingProxy Name:LandscapeStreamingProxy_DGW6EGCXPHTZTIVOCUUM9YN1E_126_0_2_0 Label:LandscapeStreamingProxy_0_2_0 SpatiallyLoaded:true EditorBounds:IsValid=true, Min=(X=754.000 Y=1090.000 Z=0.000), Max=(X=1447.000 Y=1783.000 Z=854.734) RuntimeBounds:IsValid=true, Min=(X=754.000 Y=1090.000 Z=0.000), Max=(X=1447.000 Y=1783.000 Z=854.734) RuntimeGrid:None EditorOnly:false RuntimeOnly:false HLODRelevant:true ListedInSceneOutliner:true IsMainWorldOnly:false
 |   |   |- [+] [ 15]
 |   |   |   |- Guid:9D48F6FD465D2A9DAD6B0E81EDFAEF99 NativeClass:/Script/Engine.StaticMeshActor Name:StaticMeshActor_UAID_088FC366836EFE8402_2031365591 Label:olddry_bamboo_bridge SpatiallyLoaded:true EditorBounds:IsValid=true, Min=(X=1389.118 Y=-158.366 Z=550.004), Max=(X=2397.650 Y=-41.811 Z=654.764) RuntimeBounds:IsValid=true, Min=(X=1389.118 Y=-158.366 Z=550.004), Max=(X=2397.650 Y=-41.811 Z=654.764) RuntimeGrid:None EditorOnly:false RuntimeOnly:false HLODRelevant:true ListedInSceneOutliner:true IsMainWorldOnly:false
 |   |   |- [+] [ 16]
 |   |   |   |- Guid:A96E62B4447E399ED33055A46764295B NativeClass:/Script/Landscape.LandscapeStreamingProxy Name:LandscapeStreamingProxy_DGW6EGCXPHTZTIVOCUUM9YN1E_126_0_1_0 Label:LandscapeStreamingProxy_0_1_0 SpatiallyLoaded:true EditorBounds:IsValid=true, Min=(X=754.000 Y=397.000 Z=0.000), Max=(X=1447.000 Y=1090.000 Z=1407.957) RuntimeBounds:IsValid=true, Min=(X=754.000 Y=397.000 Z=88.258), Max=(X=1447.000 Y=1090.000 Z=1407.957) RuntimeGrid:None EditorOnly:false RuntimeOnly:false HLODRelevant:true ListedInSceneOutliner:true IsMainWorldOnly:false
 |   |   |- [+] [ 17]
 |   |   |   |- Guid:B544CECC47821142F2EB39BBA81205A8 NativeClass:/Script/Landscape.Landscape Name:Landscape_UAID_088FC366836EFD8402_2135234415 Label:Landscape SpatiallyLoaded:false EditorBounds:IsValid=true, Min=(X=754.000 Y=-296.000 Z=0.000), Max=(X=754.000 Y=-296.000 Z=0.000) RuntimeBounds:IsValid=true, Min=(X=754.000 Y=-296.000 Z=0.000), Max=(X=754.000 Y=-296.000 Z=0.000) RuntimeGrid:None EditorOnly:false RuntimeOnly:false HLODRelevant:false ListedInSceneOutliner:true IsMainWorldOnly:false
 |   |   |- [+] [ 18]
 |   |   |   |- Guid:B785ED2844B84CFB91E7F39FE661CD99 NativeClass:/Script/Engine.DirectionalLight Name:DirectionalLight_0 Label:DirectionalLight SpatiallyLoaded:false EditorBounds:IsValid=true, Min=(X=-1048576.000 Y=-1048576.000 Z=-1048576.000), Max=(X=1048576.000 Y=1048576.000 Z=1048576.000) RuntimeBounds:IsValid=true, Min=(X=-1048576.000 Y=-1048576.000 Z=-1048576.000), Max=(X=1048576.000 Y=1048576.000 Z=1048576.000) RuntimeGrid:None EditorOnly:false RuntimeOnly:false HLODRelevant:false ListedInSceneOutliner:true IsMainWorldOnly:false FolderPath:Lighting FolderGuid:963EC3EB4002CCE9759E2EBA541A873A
 |   |   |- [+] [ 19]
 |   |   |   |- Guid:B89AE7E24299164A5D48D3ABFD1D41BA NativeClass:/Script/Landscape.LandscapeStreamingProxy Name:LandscapeStreamingProxy_DGW6EGCXPHTZTIVOCUUM9YN1E_126_1_3_0 Label:LandscapeStreamingProxy_1_3_0 SpatiallyLoaded:true EditorBounds:IsValid=true, Min=(X=1447.000 Y=1783.000 Z=-5.500), Max=(X=2140.000 Y=2476.000 Z=5.500) RuntimeBounds:IsValid=true, Min=(X=1447.000 Y=1783.000 Z=-5.500), Max=(X=2140.000 Y=2476.000 Z=5.500) RuntimeGrid:None EditorOnly:false RuntimeOnly:false HLODRelevant:true ListedInSceneOutliner:true IsMainWorldOnly:false
 |   |   |- [+] [ 20]
 |   |   |   |- Guid:CCFF262C46EEFFDF319E7F9539CE697E NativeClass:/Script/Engine.SkyAtmosphere Name:SkyAtmosphere_0 Label:SkyAtmosphere SpatiallyLoaded:false EditorBounds:IsValid=true, Min=(X=0.000 Y=0.000 Z=1020.000), Max=(X=0.000 Y=0.000 Z=1020.000) RuntimeBounds:IsValid=true, Min=(X=0.000 Y=0.000 Z=1020.000), Max=(X=0.000 Y=0.000 Z=1020.000) RuntimeGrid:None EditorOnly:false RuntimeOnly:false HLODRelevant:false ListedInSceneOutliner:true IsMainWorldOnly:false FolderPath:Lighting FolderGuid:963EC3EB4002CCE9759E2EBA541A873A
 |   |   |- [+] [ 21]
 |   |   |   |- Guid:E31F21214074A4261BB342A1202C05D0 NativeClass:/Script/Landscape.LandscapeStreamingProxy Name:LandscapeStreamingProxy_DGW6EGCXPHTZTIVOCUUM9YN1E_126_2_1_0 Label:LandscapeStreamingProxy_2_1_0 SpatiallyLoaded:true EditorBounds:IsValid=true, Min=(X=2140.000 Y=397.000 Z=0.000), Max=(X=2833.000 Y=1090.000 Z=570.238) RuntimeBounds:IsValid=true, Min=(X=2140.000 Y=397.000 Z=0.000), Max=(X=2833.000 Y=1090.000 Z=570.238) RuntimeGrid:None EditorOnly:false RuntimeOnly:false HLODRelevant:true ListedInSceneOutliner:true IsMainWorldOnly:false
 |   |   |- [+] [ 22]
 |   |   |   |- Guid:E641660A4AA691BAE2F6D1A4E2A9C233 NativeClass:/Script/Landscape.LandscapeStreamingProxy Name:LandscapeStreamingProxy_DGW6EGCXPHTZTIVOCUUM9YN1E_126_1_2_0 Label:LandscapeStreamingProxy_1_2_0 SpatiallyLoaded:true EditorBounds:IsValid=true, Min=(X=1447.000 Y=1090.000 Z=-5.500), Max=(X=2140.000 Y=1783.000 Z=88.258) RuntimeBounds:IsValid=true, Min=(X=1447.000 Y=1090.000 Z=-5.500), Max=(X=2140.000 Y=1783.000 Z=88.258) RuntimeGrid:None EditorOnly:false RuntimeOnly:false HLODRelevant:true ListedInSceneOutliner:true IsMainWorldOnly:false
 |   |   |- [+] [ 23]
 |   |   |   |- Guid:E72955A743DC3ADA166B40B579B79349 NativeClass:/Script/Landscape.LandscapeStreamingProxy Name:LandscapeStreamingProxy_DGW6EGCXPHTZTIVOCUUM9YN1E_126_2_0_0 Label:LandscapeStreamingProxy_2_0_0 SpatiallyLoaded:true EditorBounds:IsValid=true, Min=(X=2140.000 Y=-296.000 Z=0.000), Max=(X=2833.000 Y=397.000 Z=570.539) RuntimeBounds:IsValid=true, Min=(X=2140.000 Y=-296.000 Z=0.000), Max=(X=2833.000 Y=397.000 Z=570.539) RuntimeGrid:None EditorOnly:false RuntimeOnly:false HLODRelevant:true ListedInSceneOutliner:true IsMainWorldOnly:false
 |   |   |- [+] [ 24]
 |   |   |   |- Guid:EC4E0C944CE6AC6E784BC6BB2916EA13 NativeClass:/Script/Engine.StaticMeshActor Name:StaticMeshActor_UAID_A4AE111137DC5EFB00_1110535423 Label:SM_SkySphere SpatiallyLoaded:false EditorBounds:IsValid=true, Min=(X=-1638400.000 Y=-1638400.000 Z=-1638400.000), Max=(X=1638400.000 Y=1638400.000 Z=1638400.000) RuntimeBounds:IsValid=true, Min=(X=-1638400.000 Y=-1638400.000 Z=-1638400.000), Max=(X=1638400.000 Y=1638400.000 Z=1638400.000) RuntimeGrid:None EditorOnly:false RuntimeOnly:false HLODRelevant:true ListedInSceneOutliner:true IsMainWorldOnly:false FolderPath:Lighting FolderGuid:963EC3EB4002CCE9759E2EBA541A873A
 |   |   |- [+] [ 25]
 |   |   |   |- Guid:F5E3FEB3450C49844FD93DA8E083C8AD NativeClass:/Script/Engine.PostProcessVolume Name:PostProcessVolume_0 Label:PostProcessVolume SpatiallyLoaded:false EditorBounds:IsValid=true, Min=(X=0.000 Y=0.000 Z=400.000), Max=(X=200.000 Y=200.000 Z=600.000) RuntimeBounds:IsValid=true, Min=(X=0.000 Y=0.000 Z=400.000), Max=(X=200.000 Y=200.000 Z=600.000) RuntimeGrid:None EditorOnly:false RuntimeOnly:false HLODRelevant:false ListedInSceneOutliner:true IsMainWorldOnly:false FolderPath:Lighting FolderGuid:963EC3EB4002CCE9759E2EBA541A873A
 |   |   |- [+] [ 26]
 |   |   |   |- Guid:F8EC3A574A8D54D04D0BF5AD32AD4F9A NativeClass:/Script/Landscape.LandscapeStreamingProxy Name:LandscapeStreamingProxy_DGW6EGCXPHTZTIVOCUUM9YN1E_126_0_3_0 Label:LandscapeStreamingProxy_0_3_0 SpatiallyLoaded:true EditorBounds:IsValid=true, Min=(X=754.000 Y=1783.000 Z=-5.500), Max=(X=1447.000 Y=2476.000 Z=5.500) RuntimeBounds:IsValid=true, Min=(X=754.000 Y=1783.000 Z=-5.500), Max=(X=1447.000 Y=2476.000 Z=5.500) RuntimeGrid:None EditorOnly:false RuntimeOnly:false HLODRelevant:true ListedInSceneOutliner:true IsMainWorldOnly:false
 |- ContainerInstances:
 |- [+] MainContainer:
 |   |-        ID: 00000000000000000000000000000000
 |   |-  ParentID: 00000000000000000000000000000000
 |   |-    Bounds: IsValid=false, Min=(X=0.000 Y=0.000 Z=0.000), Max=(X=0.000 Y=0.000 Z=0.000)
 |   |- Transform: 0.000000,0.000000,0.000000|0.000000,0.000000,-0.000000|1.000000,1.000000,1.000000
 |   |- Container: /Game/ThirdPerson/Maps/ThirdPersonMap
----------------------------------------------------------------------------------------------------------------
ThirdPersonMap - Persistent Level
----------------------------------------------------------------------------------------------------------------
[+] Content of ThirdPersonMap Persistent Level
 |- Always loaded Actor Count: 27 
 |- Actor Path: /Game/ThirdPerson/Maps/ThirdPersonMap.ThirdPersonMap:PersistentLevel.DirectionalLight_0
 |- Actor Package: /Game/__ExternalActors__/ThirdPerson/Maps/ThirdPersonMap/5/R1/TS5OQ5CRUWFZYL1ZQ7I416
 |- Actor Path: /Game/ThirdPerson/Maps/ThirdPersonMap.ThirdPersonMap:PersistentLevel.ExponentialHeightFog_0
 |- Actor Package: /Game/__ExternalActors__/ThirdPerson/Maps/ThirdPersonMap/6/J7/N10XDC9G27EMLS5AGZ6AVV
 |- Actor Path: /Game/ThirdPerson/Maps/ThirdPersonMap.ThirdPersonMap:PersistentLevel.Landscape_UAID_088FC366836EFD8402_2135234415
 |- Actor Package: /Game/__ExternalActors__/ThirdPerson/Maps/ThirdPersonMap/1/XM/598VUS4BU053YO0W1GZP86
 |- Actor Path: /Game/ThirdPerson/Maps/ThirdPersonMap.ThirdPersonMap:PersistentLevel.LandscapeStreamingProxy_DGW6EGCXPHTZTIVOCUUM9YN1E_126_0_0_0
 |- Actor Package: /Game/__ExternalActors__/ThirdPerson/Maps/ThirdPersonMap/4/AN/HDYCCIG0VXR5Q1YA3EVZNM
 |- Actor Path: /Game/ThirdPerson/Maps/ThirdPersonMap.ThirdPersonMap:PersistentLevel.LandscapeStreamingProxy_DGW6EGCXPHTZTIVOCUUM9YN1E_126_0_1_0
 |- Actor Package: /Game/__ExternalActors__/ThirdPerson/Maps/ThirdPersonMap/4/6M/OYHS1G8LJJYP06L6TJ939P
 |- Actor Path: /Game/ThirdPerson/Maps/ThirdPersonMap.ThirdPersonMap:PersistentLevel.LandscapeStreamingProxy_DGW6EGCXPHTZTIVOCUUM9YN1E_126_0_2_0
 |- Actor Package: /Game/__ExternalActors__/ThirdPerson/Maps/ThirdPersonMap/6/5H/JDMWWKLMJIFJMDK4D04450
 |- Actor Path: /Game/ThirdPerson/Maps/ThirdPersonMap.ThirdPersonMap:PersistentLevel.LandscapeStreamingProxy_DGW6EGCXPHTZTIVOCUUM9YN1E_126_0_3_0
 |- Actor Package: /Game/__ExternalActors__/ThirdPerson/Maps/ThirdPersonMap/0/6Q/L1P1DAQMASPA4ASYKQWYRG
 |- Actor Path: /Game/ThirdPerson/Maps/ThirdPersonMap.ThirdPersonMap:PersistentLevel.LandscapeStreamingProxy_DGW6EGCXPHTZTIVOCUUM9YN1E_126_1_0_0
 |- Actor Package: /Game/__ExternalActors__/ThirdPerson/Maps/ThirdPersonMap/9/6M/2YESN1Q64GAXJTUOYYSF4C
 |- Actor Path: /Game/ThirdPerson/Maps/ThirdPersonMap.ThirdPersonMap:PersistentLevel.LandscapeStreamingProxy_DGW6EGCXPHTZTIVOCUUM9YN1E_126_1_1_0
 |- Actor Package: /Game/__ExternalActors__/ThirdPerson/Maps/ThirdPersonMap/E/73/FSTTZ6MSWZA2Z5J1UW518N
 |- Actor Path: /Game/ThirdPerson/Maps/ThirdPersonMap.ThirdPersonMap:PersistentLevel.LandscapeStreamingProxy_DGW6EGCXPHTZTIVOCUUM9YN1E_126_1_2_0
 |- Actor Package: /Game/__ExternalActors__/ThirdPerson/Maps/ThirdPersonMap/2/R9/74ZLB3WLNC7FP134JDVTLW
 |- Actor Path: /Game/ThirdPerson/Maps/ThirdPersonMap.ThirdPersonMap:PersistentLevel.LandscapeStreamingProxy_DGW6EGCXPHTZTIVOCUUM9YN1E_126_1_3_0
 |- Actor Package: /Game/__ExternalActors__/ThirdPerson/Maps/ThirdPersonMap/4/S1/D55V5YU0QFDOPCTX8FN7NM
 |- Actor Path: /Game/ThirdPerson/Maps/ThirdPersonMap.ThirdPersonMap:PersistentLevel.LandscapeStreamingProxy_DGW6EGCXPHTZTIVOCUUM9YN1E_126_2_0_0
 |- Actor Package: /Game/__ExternalActors__/ThirdPerson/Maps/ThirdPersonMap/A/XO/MZ21SZAYG65A78OOT6JSM5
 |- Actor Path: /Game/ThirdPerson/Maps/ThirdPersonMap.ThirdPersonMap:PersistentLevel.LandscapeStreamingProxy_DGW6EGCXPHTZTIVOCUUM9YN1E_126_2_1_0
 |- Actor Package: /Game/__ExternalActors__/ThirdPerson/Maps/ThirdPersonMap/7/A3/TSU6CSMOTEGRWZVG3TX0JB
 |- Actor Path: /Game/ThirdPerson/Maps/ThirdPersonMap.ThirdPersonMap:PersistentLevel.LandscapeStreamingProxy_DGW6EGCXPHTZTIVOCUUM9YN1E_126_2_2_0
 |- Actor Package: /Game/__ExternalActors__/ThirdPerson/Maps/ThirdPersonMap/7/9W/OEVMXFHR1Y8L91PJWASKQ1
 |- Actor Path: /Game/ThirdPerson/Maps/ThirdPersonMap.ThirdPersonMap:PersistentLevel.LandscapeStreamingProxy_DGW6EGCXPHTZTIVOCUUM9YN1E_126_2_3_0
 |- Actor Package: /Game/__ExternalActors__/ThirdPerson/Maps/ThirdPersonMap/4/HZ/4OJ2EGZ2NZGDSBSFQ312RY
 |- Actor Path: /Game/ThirdPerson/Maps/ThirdPersonMap.ThirdPersonMap:PersistentLevel.LandscapeStreamingProxy_DGW6EGCXPHTZTIVOCUUM9YN1E_126_3_0_0
 |- Actor Package: /Game/__ExternalActors__/ThirdPerson/Maps/ThirdPersonMap/9/P7/VY4XD92OD8J04PK4S2R3J7
 |- Actor Path: /Game/ThirdPerson/Maps/ThirdPersonMap.ThirdPersonMap:PersistentLevel.LandscapeStreamingProxy_DGW6EGCXPHTZTIVOCUUM9YN1E_126_3_1_0
 |- Actor Package: /Game/__ExternalActors__/ThirdPerson/Maps/ThirdPersonMap/D/1S/X3H90J10V3G75AWSEMF8VU
 |- Actor Path: /Game/ThirdPerson/Maps/ThirdPersonMap.ThirdPersonMap:PersistentLevel.LandscapeStreamingProxy_DGW6EGCXPHTZTIVOCUUM9YN1E_126_3_2_0
 |- Actor Package: /Game/__ExternalActors__/ThirdPerson/Maps/ThirdPersonMap/3/65/9CTK59ONE6KHCYVTN2I481
 |- Actor Path: /Game/ThirdPerson/Maps/ThirdPersonMap.ThirdPersonMap:PersistentLevel.LandscapeStreamingProxy_DGW6EGCXPHTZTIVOCUUM9YN1E_126_3_3_0
 |- Actor Package: /Game/__ExternalActors__/ThirdPerson/Maps/ThirdPersonMap/C/KC/AZJ6FC9NU8W5N0SS87622V
 |- Actor Path: /Game/ThirdPerson/Maps/ThirdPersonMap.ThirdPersonMap:PersistentLevel.PlayerStart_0
 |- Actor Package: /Game/__ExternalActors__/ThirdPerson/Maps/ThirdPersonMap/D/DE/SWSI13675DVYIZ0N4NF7Y3
 |- Actor Path: /Game/ThirdPerson/Maps/ThirdPersonMap.ThirdPersonMap:PersistentLevel.PostProcessVolume_0
 |- Actor Package: /Game/__ExternalActors__/ThirdPerson/Maps/ThirdPersonMap/1/AZ/A7GPT109Y6ZTTJD4A7TXER
 |- Actor Path: /Game/ThirdPerson/Maps/ThirdPersonMap.ThirdPersonMap:PersistentLevel.SkyAtmosphere_0
 |- Actor Package: /Game/__ExternalActors__/ThirdPerson/Maps/ThirdPersonMap/4/LN/30UBDLYFFA5ZR7U4W4L4GG
 |- Actor Path: /Game/ThirdPerson/Maps/ThirdPersonMap.ThirdPersonMap:PersistentLevel.SkyLight_1
 |- Actor Package: /Game/__ExternalActors__/ThirdPerson/Maps/ThirdPersonMap/8/S1/DXUWD12MD3HRWVVXX076BY
 |- Actor Path: /Game/ThirdPerson/Maps/ThirdPersonMap.ThirdPersonMap:PersistentLevel.StaticMeshActor_UAID_088FC366836EFE8402_2031365591
 |- Actor Package: /Game/__ExternalActors__/ThirdPerson/Maps/ThirdPersonMap/4/4U/KGKELH9L7D4PIDI0VAC9RF
 |- Actor Path: /Game/ThirdPerson/Maps/ThirdPersonMap.ThirdPersonMap:PersistentLevel.StaticMeshActor_UAID_A4AE111137DC5EFB00_1110535423
 |- Actor Package: /Game/__ExternalActors__/ThirdPerson/Maps/ThirdPersonMap/4/PN/2QISIGK5DJNQ05US8O8FXW
 |- Actor Path: /Game/ThirdPerson/Maps/ThirdPersonMap.ThirdPersonMap:PersistentLevel.VolumetricCloud_0
 |- Actor Package: /Game/__ExternalActors__/ThirdPerson/Maps/ThirdPersonMap/3/EY/87SHEJN5UBEAN2K5OV1G6R
 |- Actor Path: /Game/ThirdPerson/Maps/ThirdPersonMap.ThirdPersonMap:PersistentLevel.WorldDataLayers
 |- Actor Package: /Game/__ExternalActors__/ThirdPerson/Maps/ThirdPersonMap/0/43/HYQWORMY4JDQ5X3OKZXFLC

----------------------------------------------------------------------------------------------------------------
ThirdPersonMap - Runtime Hash Set
----------------------------------------------------------------------------------------------------------------

